<?xml version="1.0" encoding="UTF-8"?>
<!-- Generated by org.testng.reporters.JUnitReportReporter -->
<testsuite hostname="DESKTOP-89C6F2A" failures="0" tests="1" name="requests.ParseXMLresponses" time="3.348" errors="0" timestamp="2023-12-30T21:24:05 EST" skipped="0">
  <testcase classname="requests.ParseXMLresponses" name="testXMLresponse" time="3.348"/>
  <system-out/>
</testsuite> <!-- requests.ParseXMLresponses -->
