<?xml version="1.0" encoding="UTF-8"?>
<!-- Generated by org.testng.reporters.JUnitReportReporter -->
<testsuite hostname="DESKTOP-89C6F2A" failures="0" tests="1" name="studentsAPIchaining.DeletePost" time="0.057" errors="0" timestamp="2024-01-02T17:10:19 EST" skipped="0">
  <testcase classname="studentsAPIchaining.DeletePost" name="deletepost" time="0.057"/>
  <system-out/>
</testsuite> <!-- studentsAPIchaining.DeletePost -->
