<?xml version="1.0" encoding="UTF-8"?>
<!-- Generated by org.testng.reporters.JUnitReportReporter -->
<testsuite hostname="DESKTOP-89C6F2A" failures="0" tests="4" name="requests.HTTPRequests" time="5.005" errors="0" timestamp="2023-12-27T21:36:30 EST" skipped="0">
  <testcase classname="requests.HTTPRequests" name="getUser" time="3.156"/>
  <system-out/>
  <testcase classname="requests.HTTPRequests" name="createUser" time="0.929"/>
  <system-out/>
  <testcase classname="requests.HTTPRequests" name="updateUser" time="0.383"/>
  <system-out/>
  <testcase classname="requests.HTTPRequests" name="deleteUser" time="0.537"/>
  <system-out/>
</testsuite> <!-- requests.HTTPRequests -->
