<?xml version="1.0" encoding="UTF-8"?>
<!-- Generated by org.testng.reporters.JUnitReportReporter -->
<testsuite hostname="DESKTOP-89C6F2A" failures="0" tests="1" name="requests.Demotestclass" time="2.290" errors="0" timestamp="2023-12-28T16:19:52 EST" skipped="0">
  <testcase classname="requests.Demotestclass" name="getemployess" time="2.290"/>
  <system-out/>
</testsuite> <!-- requests.Demotestclass -->
