<?xml version="1.0" encoding="UTF-8"?>
<!-- Generated by org.testng.reporters.JUnitReportReporter -->
<testsuite hostname="DESKTOP-89C6F2A" failures="0" tests="1" name="studentsAPIchaining.GetPost" time="0.135" errors="0" timestamp="2024-01-02T17:10:19 EST" skipped="0">
  <testcase classname="studentsAPIchaining.GetPost" name="getpost" time="0.135"/>
  <system-out/>
</testsuite> <!-- studentsAPIchaining.GetPost -->
