<?xml version="1.0" encoding="UTF-8"?>
<!-- Generated by org.testng.reporters.JUnitReportReporter -->
<testsuite hostname="DESKTOP-89C6F2A" failures="0" tests="1" name="chainingAPIs.UpdateUser" time="1.094" errors="0" timestamp="2024-01-02T16:31:45 EST" skipped="0">
  <testcase classname="chainingAPIs.UpdateUser" name="updateuser" time="1.094"/>
  <system-out/>
</testsuite> <!-- chainingAPIs.UpdateUser -->
