<?xml version="1.0" encoding="UTF-8"?>
<!-- Generated by org.testng.reporters.JUnitReportReporter -->
<testsuite hostname="DESKTOP-89C6F2A" failures="0" tests="1" name="chainingAPIs.DeleteUser" time="0.523" errors="0" timestamp="2024-01-02T16:31:45 EST" skipped="0">
  <testcase classname="chainingAPIs.DeleteUser" name="deleteuser" time="0.523"/>
  <system-out/>
</testsuite> <!-- chainingAPIs.DeleteUser -->
