<?xml version="1.0" encoding="UTF-8"?>
<!-- Generated by org.testng.reporters.JUnitReportReporter -->
<testsuite hostname="DESKTOP-89C6F2A" failures="0" tests="1" name="requests.TestJsonresponseBodyData" time="1.624" errors="0" timestamp="2023-12-30T20:34:29 EST" skipped="0">
  <testcase classname="requests.TestJsonresponseBodyData" name="jsonresponsetest2" time="1.624"/>
  <system-out/>
</testsuite> <!-- requests.TestJsonresponseBodyData -->
