<?xml version="1.0" encoding="UTF-8"?>
<!-- Generated by org.testng.reporters.JUnitReportReporter -->
<testsuite hostname="DESKTOP-89C6F2A" failures="0" tests="1" name="studentsAPIchaining.CreatePost" time="2.482" errors="0" timestamp="2024-01-02T17:10:19 EST" skipped="0">
  <testcase classname="studentsAPIchaining.CreatePost" name="createpost" time="2.482"/>
  <system-out/>
</testsuite> <!-- studentsAPIchaining.CreatePost -->
