<?xml version="1.0" encoding="UTF-8"?>
<!-- Generated by org.testng.reporters.JUnitReportReporter -->
<testsuite hostname="DESKTOP-89C6F2A" failures="0" tests="1" name="chainingAPIs.GetUser" time="0.613" errors="0" timestamp="2024-01-02T16:31:45 EST" skipped="0">
  <testcase classname="chainingAPIs.GetUser" name="getuser" time="0.613"/>
  <system-out/>
</testsuite> <!-- chainingAPIs.GetUser -->
