<?xml version="1.0" encoding="UTF-8"?>
<!-- Generated by org.testng.reporters.JUnitReportReporter -->
<testsuite hostname="DESKTOP-89C6F2A" failures="0" tests="1" name="requests.ParseJson" time="2.397" errors="0" timestamp="2023-12-30T17:22:37 EST" skipped="0">
  <testcase classname="requests.ParseJson" name="parsingJsonresponse" time="2.397"/>
  <system-out/>
</testsuite> <!-- requests.ParseJson -->
